[11:37:14 - main] [Cooja.java:1317] [INFO] - > Starting Cooja
[11:37:14 - main] [Cooja.java:2858] [INFO] - External tools default settings: /external_tools_linux_64.config
[11:37:14 - main] [Cooja.java:2888] [INFO] - External tools user settings: /home/user/.cooja.user.properties
[11:37:16 - main] [Simulation.java:422] [INFO] - Simulation random seed: 2770823973288324846
[11:37:16 - main] [MspMote.java:235] [INFO] - Loading firmware from: /home/user/Desktop/lab6-7/collect-template/app.sky
[11:37:17 - main] [MspMote.java:235] [INFO] - Loading firmware from: /home/user/Desktop/lab6-7/collect-template/app.sky
[11:37:17 - main] [MspMote.java:235] [INFO] - Loading firmware from: /home/user/Desktop/lab6-7/collect-template/app.sky
[11:37:17 - main] [MspMote.java:235] [INFO] - Loading firmware from: /home/user/Desktop/lab6-7/collect-template/app.sky
[11:37:17 - main] [MspMote.java:235] [INFO] - Loading firmware from: /home/user/Desktop/lab6-7/collect-template/app.sky
[11:37:17 - main] [MspMote.java:235] [INFO] - Loading firmware from: /home/user/Desktop/lab6-7/collect-template/app.sky
[11:37:17 - main] [MspMote.java:235] [INFO] - Loading firmware from: /home/user/Desktop/lab6-7/collect-template/app.sky
[11:37:17 - main] [MspMote.java:235] [INFO] - Loading firmware from: /home/user/Desktop/lab6-7/collect-template/app.sky
[11:37:17 - main] [MspMote.java:235] [INFO] - Loading firmware from: /home/user/Desktop/lab6-7/collect-template/app.sky
[11:37:18 - main] [Visualizer.java:256] [INFO] - Registered external visualizer: org.contikios.cooja.plugins.skins.DGRMVisualizerSkin
[11:37:18 - main] [TimeLine.java:567] [INFO] - Zoom level: 20000.0 microseconds/pixel 
[11:37:21 - main] [ScriptRunner.java:430] [INFO] - Test script deactivated
[11:37:21 - main] [LogScriptEngine.java:265] [INFO] - Script timeout in 1800000 ms
[11:37:22 - main] [ScriptRunner.java:387] [INFO] - Test script activated
[11:37:24 - Thread-3] [Simulation.java:253] [INFO] - Simulation main loop started, system time: 1622108244531
[11:37:55 - Thread-3] [Simulation.java:312] [INFO] - Simulation main loop stopped, system time: 1622108275079	Duration: 30548 ms	Simulated time 55275 ms	Ratio 1.8094474270001308
[11:37:59 - Thread-2] [LogScriptEngine.java:309] [INFO] - Test script finished
[11:37:59 - AWT-EventQueue-1] [ScriptRunner.java:430] [INFO] - Test script deactivated
